Reticle.obj : error LNK2019: unresolved external symbol "public: __cdecl df::Vector::Vector(float,float)" (??0Vector@df@@QEAA@MM@Z) referenced in function "public: __cdecl std::_Wrap_alloc<class std::allocator<char> >::_Wrap_alloc<class std::allocator<char> ><class std::allocator<char> >(class std::allocator<char> &&)" (??$?0V?$allocator@D@std@@@?$_Wrap_alloc@V?$allocator@D@std@@@std@@QEAA@$$QEAV?$allocator@D@1@@Z)
Character.obj : error LNK2001: unresolved external symbol "public: __cdecl df::Vector::Vector(float,float)" (??0Vector@df@@QEAA@MM@Z)
game.obj : error LNK2001: unresolved external symbol "public: __cdecl df::Vector::Vector(float,float)" (??0Vector@df@@QEAA@MM@Z)
Hero.obj : error LNK2001: unresolved external symbol "public: __cdecl df::Vector::Vector(float,float)" (??0Vector@df@@QEAA@MM@Z)
Monster.obj : error LNK2001: unresolved external symbol "public: __cdecl df::Vector::Vector(float,float)" (??0Vector@df@@QEAA@MM@Z)
Character.obj : error LNK2019: unresolved external symbol "public: float __cdecl df::Vector::getX(void)const " (?getX@Vector@df@@QEBAMXZ) referenced in function "public: virtual int __cdecl Character::eventHandler(class df::Event const *)" (?eventHandler@Character@@UEAAHPEBVEvent@df@@@Z)
Monster.obj : error LNK2001: unresolved external symbol "public: float __cdecl df::Vector::getX(void)const " (?getX@Vector@df@@QEBAMXZ)
Tile.obj : error LNK2001: unresolved external symbol "public: float __cdecl df::Vector::getX(void)const " (?getX@Vector@df@@QEBAMXZ)
Character.obj : error LNK2019: unresolved external symbol "public: float __cdecl df::Vector::getY(void)const " (?getY@Vector@df@@QEBAMXZ) referenced in function "public: virtual int __cdecl Character::eventHandler(class df::Event const *)" (?eventHandler@Character@@UEAAHPEBVEvent@df@@@Z)
Hero.obj : error LNK2001: unresolved external symbol "public: float __cdecl df::Vector::getY(void)const " (?getY@Vector@df@@QEBAMXZ)
Tile.obj : error LNK2001: unresolved external symbol "public: float __cdecl df::Vector::getY(void)const " (?getY@Vector@df@@QEBAMXZ)
Tile.obj : error LNK2001: unresolved external symbol "public: class std::basic_string<char,struct std::char_traits<char>,class std::allocator<char> > __cdecl df::Event::getType(void)const " (?getType@Event@df@@QEBA?AV?$basic_string@DU?$char_traits@D@std@@V?$allocator@D@2@@std@@XZ)
Character.obj : error LNK2001: unresolved external symbol "public: class std::basic_string<char,struct std::char_traits<char>,class std::allocator<char> > __cdecl df::Event::getType(void)const " (?getType@Event@df@@QEBA?AV?$basic_string@DU?$char_traits@D@std@@V?$allocator@D@2@@std@@XZ)
Hero.obj : error LNK2001: unresolved external symbol "public: class std::basic_string<char,struct std::char_traits<char>,class std::allocator<char> > __cdecl df::Event::getType(void)const " (?getType@Event@df@@QEBA?AV?$basic_string@DU?$char_traits@D@std@@V?$allocator@D@2@@std@@XZ)
Monster.obj : error LNK2001: unresolved external symbol "public: class std::basic_string<char,struct std::char_traits<char>,class std::allocator<char> > __cdecl df::Event::getType(void)const " (?getType@Event@df@@QEBA?AV?$basic_string@DU?$char_traits@D@std@@V?$allocator@D@2@@std@@XZ)
Reticle.obj : error LNK2001: unresolved external symbol "public: class std::basic_string<char,struct std::char_traits<char>,class std::allocator<char> > __cdecl df::Event::getType(void)const " (?getType@Event@df@@QEBA?AV?$basic_string@DU?$char_traits@D@std@@V?$allocator@D@2@@std@@XZ)
Character.obj : error LNK2019: unresolved external symbol "public: __cdecl df::Object::Object(void)" (??0Object@df@@QEAA@XZ) referenced in function "public: __cdecl Character::Character(void)" (??0Character@@QEAA@XZ)
Reticle.obj : error LNK2001: unresolved external symbol "public: __cdecl df::Object::Object(void)" (??0Object@df@@QEAA@XZ)
Tile.obj : error LNK2001: unresolved external symbol "public: __cdecl df::Object::Object(void)" (??0Object@df@@QEAA@XZ)
Tile.obj : error LNK2001: unresolved external symbol "public: virtual __cdecl df::Object::~Object(void)" (??1Object@df@@UEAA@XZ)
Character.obj : error LNK2001: unresolved external symbol "public: virtual __cdecl df::Object::~Object(void)" (??1Object@df@@UEAA@XZ)
Hero.obj : error LNK2001: unresolved external symbol "public: virtual __cdecl df::Object::~Object(void)" (??1Object@df@@UEAA@XZ)
Monster.obj : error LNK2001: unresolved external symbol "public: virtual __cdecl df::Object::~Object(void)" (??1Object@df@@UEAA@XZ)
Reticle.obj : error LNK2001: unresolved external symbol "public: virtual __cdecl df::Object::~Object(void)" (??1Object@df@@UEAA@XZ)
Tile.obj : error LNK2001: unresolved external symbol "public: virtual void __cdecl df::Object::setPosition(class df::Vector)" (?setPosition@Object@df@@UEAAXVVector@2@@Z)
Character.obj : error LNK2001: unresolved external symbol "public: virtual void __cdecl df::Object::setPosition(class df::Vector)" (?setPosition@Object@df@@UEAAXVVector@2@@Z)
Hero.obj : error LNK2001: unresolved external symbol "public: virtual void __cdecl df::Object::setPosition(class df::Vector)" (?setPosition@Object@df@@UEAAXVVector@2@@Z)
Monster.obj : error LNK2001: unresolved external symbol "public: virtual void __cdecl df::Object::setPosition(class df::Vector)" (?setPosition@Object@df@@UEAAXVVector@2@@Z)
Reticle.obj : error LNK2001: unresolved external symbol "public: virtual void __cdecl df::Object::setPosition(class df::Vector)" (?setPosition@Object@df@@UEAAXVVector@2@@Z)
Character.obj : error LNK2019: unresolved external symbol "public: int __cdecl df::Object::setSolidness(enum df::Solidness)" (?setSolidness@Object@df@@QEAAHW4Solidness@2@@Z) referenced in function "public: __cdecl Character::Character(void)" (??0Character@@QEAA@XZ)
Reticle.obj : error LNK2001: unresolved external symbol "public: int __cdecl df::Object::setSolidness(enum df::Solidness)" (?setSolidness@Object@df@@QEAAHW4Solidness@2@@Z)
Tile.obj : error LNK2001: unresolved external symbol "public: int __cdecl df::Object::setSolidness(enum df::Solidness)" (?setSolidness@Object@df@@QEAAHW4Solidness@2@@Z)
Character.obj : error LNK2019: unresolved external symbol "public: void __cdecl df::Object::setVelocity(class df::Vector)" (?setVelocity@Object@df@@QEAAXVVector@2@@Z) referenced in function "public: virtual int __cdecl Character::eventHandler(class df::Event const *)" (?eventHandler@Character@@UEAAHPEBVEvent@df@@@Z)
Hero.obj : error LNK2001: unresolved external symbol "public: void __cdecl df::Object::setVelocity(class df::Vector)" (?setVelocity@Object@df@@QEAAXVVector@2@@Z)
Monster.obj : error LNK2001: unresolved external symbol "public: void __cdecl df::Object::setVelocity(class df::Vector)" (?setVelocity@Object@df@@QEAAXVVector@2@@Z)
Character.obj : error LNK2019: unresolved external symbol "public: class df::Vector __cdecl df::Object::getVelocity(void)const " (?getVelocity@Object@df@@QEBA?AVVector@2@XZ) referenced in function "public: virtual int __cdecl Character::eventHandler(class df::Event const *)" (?eventHandler@Character@@UEAAHPEBVEvent@df@@@Z)
Hero.obj : error LNK2001: unresolved external symbol "public: class df::Vector __cdecl df::Object::getVelocity(void)const " (?getVelocity@Object@df@@QEBA?AVVector@2@XZ)
Character.obj : error LNK2001: unresolved external symbol "public: virtual void __cdecl df::Object::draw(void)" (?draw@Object@df@@UEAAXXZ)
Hero.obj : error LNK2001: unresolved external symbol "public: virtual void __cdecl df::Object::draw(void)" (?draw@Object@df@@UEAAXXZ)
Monster.obj : error LNK2001: unresolved external symbol "public: virtual void __cdecl df::Object::draw(void)" (?draw@Object@df@@UEAAXXZ)
Tile.obj : error LNK2001: unresolved external symbol "public: virtual void __cdecl df::Object::draw(void)" (?draw@Object@df@@UEAAXXZ)
Tile.obj : error LNK2001: unresolved external symbol "public: virtual class std::basic_string<char,struct std::char_traits<char>,class std::allocator<char> > __cdecl df::Object::serialize(bool)" (?serialize@Object@df@@UEAA?AV?$basic_string@DU?$char_traits@D@std@@V?$allocator@D@2@@std@@_N@Z)
Character.obj : error LNK2001: unresolved external symbol "public: virtual class std::basic_string<char,struct std::char_traits<char>,class std::allocator<char> > __cdecl df::Object::serialize(bool)" (?serialize@Object@df@@UEAA?AV?$basic_string@DU?$char_traits@D@std@@V?$allocator@D@2@@std@@_N@Z)
Hero.obj : error LNK2001: unresolved external symbol "public: virtual class std::basic_string<char,struct std::char_traits<char>,class std::allocator<char> > __cdecl df::Object::serialize(bool)" (?serialize@Object@df@@UEAA?AV?$basic_string@DU?$char_traits@D@std@@V?$allocator@D@2@@std@@_N@Z)
Monster.obj : error LNK2001: unresolved external symbol "public: virtual class std::basic_string<char,struct std::char_traits<char>,class std::allocator<char> > __cdecl df::Object::serialize(bool)" (?serialize@Object@df@@UEAA?AV?$basic_string@DU?$char_traits@D@std@@V?$allocator@D@2@@std@@_N@Z)
Reticle.obj : error LNK2001: unresolved external symbol "public: virtual class std::basic_string<char,struct std::char_traits<char>,class std::allocator<char> > __cdecl df::Object::serialize(bool)" (?serialize@Object@df@@UEAA?AV?$basic_string@DU?$char_traits@D@std@@V?$allocator@D@2@@std@@_N@Z)
Tile.obj : error LNK2001: unresolved external symbol "public: virtual int __cdecl df::Object::deserialize(class std::basic_string<char,struct std::char_traits<char>,class std::allocator<char> >)" (?deserialize@Object@df@@UEAAHV?$basic_string@DU?$char_traits@D@std@@V?$allocator@D@2@@std@@@Z)
Character.obj : error LNK2001: unresolved external symbol "public: virtual int __cdecl df::Object::deserialize(class std::basic_string<char,struct std::char_traits<char>,class std::allocator<char> >)" (?deserialize@Object@df@@UEAAHV?$basic_string@DU?$char_traits@D@std@@V?$allocator@D@2@@std@@@Z)
Hero.obj : error LNK2001: unresolved external symbol "public: virtual int __cdecl df::Object::deserialize(class std::basic_string<char,struct std::char_traits<char>,class std::allocator<char> >)" (?deserialize@Object@df@@UEAAHV?$basic_string@DU?$char_traits@D@std@@V?$allocator@D@2@@std@@@Z)
Monster.obj : error LNK2001: unresolved external symbol "public: virtual int __cdecl df::Object::deserialize(class std::basic_string<char,struct std::char_traits<char>,class std::allocator<char> >)" (?deserialize@Object@df@@UEAAHV?$basic_string@DU?$char_traits@D@std@@V?$allocator@D@2@@std@@@Z)
Reticle.obj : error LNK2001: unresolved external symbol "public: virtual int __cdecl df::Object::deserialize(class std::basic_string<char,struct std::char_traits<char>,class std::allocator<char> >)" (?deserialize@Object@df@@UEAAHV?$basic_string@DU?$char_traits@D@std@@V?$allocator@D@2@@std@@@Z)
Tile.obj : error LNK2001: unresolved external symbol "public: virtual bool __cdecl df::Object::isModified(enum df::ObjectAttribute)const " (?isModified@Object@df@@UEBA_NW4ObjectAttribute@2@@Z)
Character.obj : error LNK2001: unresolved external symbol "public: virtual bool __cdecl df::Object::isModified(enum df::ObjectAttribute)const " (?isModified@Object@df@@UEBA_NW4ObjectAttribute@2@@Z)
Hero.obj : error LNK2001: unresolved external symbol "public: virtual bool __cdecl df::Object::isModified(enum df::ObjectAttribute)const " (?isModified@Object@df@@UEBA_NW4ObjectAttribute@2@@Z)
Monster.obj : error LNK2001: unresolved external symbol "public: virtual bool __cdecl df::Object::isModified(enum df::ObjectAttribute)const " (?isModified@Object@df@@UEBA_NW4ObjectAttribute@2@@Z)
Reticle.obj : error LNK2001: unresolved external symbol "public: virtual bool __cdecl df::Object::isModified(enum df::ObjectAttribute)const " (?isModified@Object@df@@UEBA_NW4ObjectAttribute@2@@Z)
Tile.obj : error LNK2001: unresolved external symbol "public: virtual bool __cdecl df::Object::isModified(void)const " (?isModified@Object@df@@UEBA_NXZ)
Character.obj : error LNK2001: unresolved external symbol "public: virtual bool __cdecl df::Object::isModified(void)const " (?isModified@Object@df@@UEBA_NXZ)
Hero.obj : error LNK2001: unresolved external symbol "public: virtual bool __cdecl df::Object::isModified(void)const " (?isModified@Object@df@@UEBA_NXZ)
Monster.obj : error LNK2001: unresolved external symbol "public: virtual bool __cdecl df::Object::isModified(void)const " (?isModified@Object@df@@UEBA_NXZ)
Reticle.obj : error LNK2001: unresolved external symbol "public: virtual bool __cdecl df::Object::isModified(void)const " (?isModified@Object@df@@UEBA_NXZ)
Tile.obj : error LNK2001: unresolved external symbol "public: static class df::LogManager & __cdecl df::LogManager::getInstance(void)" (?getInstance@LogManager@df@@SAAEAV12@XZ)
Character.obj : error LNK2001: unresolved external symbol "public: static class df::LogManager & __cdecl df::LogManager::getInstance(void)" (?getInstance@LogManager@df@@SAAEAV12@XZ)
game.obj : error LNK2001: unresolved external symbol "public: static class df::LogManager & __cdecl df::LogManager::getInstance(void)" (?getInstance@LogManager@df@@SAAEAV12@XZ)
Hero.obj : error LNK2001: unresolved external symbol "public: static class df::LogManager & __cdecl df::LogManager::getInstance(void)" (?getInstance@LogManager@df@@SAAEAV12@XZ)
Monster.obj : error LNK2001: unresolved external symbol "public: static class df::LogManager & __cdecl df::LogManager::getInstance(void)" (?getInstance@LogManager@df@@SAAEAV12@XZ)
game.obj : error LNK2019: unresolved external symbol "public: __cdecl df::Vector::Vector(void)" (??0Vector@df@@QEAA@XZ) referenced in function "void __cdecl populateWorld(void)" (?populateWorld@@YAXXZ)
game.obj : error LNK2019: unresolved external symbol "public: __cdecl df::Box::Box(class df::Vector,float,float)" (??0Box@df@@QEAA@VVector@1@MM@Z) referenced in function "void __cdecl populateWorld(void)" (?populateWorld@@YAXXZ)
game.obj : error LNK2019: unresolved external symbol "public: int __cdecl df::LogManager::writeLog(char const *,...)const " (?writeLog@LogManager@df@@QEBAHPEBDZZ) referenced in function "int __cdecl loadLevel(void)" (?loadLevel@@YAHXZ)
Hero.obj : error LNK2001: unresolved external symbol "public: int __cdecl df::LogManager::writeLog(char const *,...)const " (?writeLog@LogManager@df@@QEBAHPEBDZZ)
Monster.obj : error LNK2001: unresolved external symbol "public: int __cdecl df::LogManager::writeLog(char const *,...)const " (?writeLog@LogManager@df@@QEBAHPEBDZZ)
game.obj : error LNK2019: unresolved external symbol "public: void __cdecl df::LogManager::setFlush(bool)" (?setFlush@LogManager@df@@QEAAX_N@Z) referenced in function main
game.obj : error LNK2019: unresolved external symbol "public: static class df::GameManager & __cdecl df::GameManager::getInstance(void)" (?getInstance@GameManager@df@@SAAEAV12@XZ) referenced in function main
game.obj : error LNK2019: unresolved external symbol "public: void __cdecl df::GameManager::run(void)" (?run@GameManager@df@@QEAAXXZ) referenced in function main
game.obj : error LNK2019: unresolved external symbol "public: static class df::ResourceManager & __cdecl df::ResourceManager::getInstance(void)" (?getInstance@ResourceManager@df@@SAAEAV12@XZ) referenced in function "void __cdecl loadResources(void)" (?loadResources@@YAXXZ)
Hero.obj : error LNK2001: unresolved external symbol "public: static class df::ResourceManager & __cdecl df::ResourceManager::getInstance(void)" (?getInstance@ResourceManager@df@@SAAEAV12@XZ)
Monster.obj : error LNK2001: unresolved external symbol "public: static class df::ResourceManager & __cdecl df::ResourceManager::getInstance(void)" (?getInstance@ResourceManager@df@@SAAEAV12@XZ)
Tile.obj : error LNK2001: unresolved external symbol "public: static class df::ResourceManager & __cdecl df::ResourceManager::getInstance(void)" (?getInstance@ResourceManager@df@@SAAEAV12@XZ)
game.obj : error LNK2019: unresolved external symbol "public: int __cdecl df::ResourceManager::loadSprite(class std::basic_string<char,struct std::char_traits<char>,class std::allocator<char> >,class std::basic_string<char,struct std::char_traits<char>,class std::allocator<char> >)" (?loadSprite@ResourceManager@df@@QEAAHV?$basic_string@DU?$char_traits@D@std@@V?$allocator@D@2@@std@@0@Z) referenced in function "void __cdecl loadResources(void)" (?loadResources@@YAXXZ)
Tile.obj : error LNK2001: unresolved external symbol "public: static class df::WorldManager & __cdecl df::WorldManager::getInstance(void)" (?getInstance@WorldManager@df@@SAAEAV12@XZ)
game.obj : error LNK2001: unresolved external symbol "public: static class df::WorldManager & __cdecl df::WorldManager::getInstance(void)" (?getInstance@WorldManager@df@@SAAEAV12@XZ)
Hero.obj : error LNK2001: unresolved external symbol "public: static class df::WorldManager & __cdecl df::WorldManager::getInstance(void)" (?getInstance@WorldManager@df@@SAAEAV12@XZ)
Monster.obj : error LNK2001: unresolved external symbol "public: static class df::WorldManager & __cdecl df::WorldManager::getInstance(void)" (?getInstance@WorldManager@df@@SAAEAV12@XZ)
Reticle.obj : error LNK2001: unresolved external symbol "public: static class df::WorldManager & __cdecl df::WorldManager::getInstance(void)" (?getInstance@WorldManager@df@@SAAEAV12@XZ)
game.obj : error LNK2019: unresolved external symbol "public: void __cdecl df::WorldManager::setBoundary(class df::Box)" (?setBoundary@WorldManager@df@@QEAAXVBox@2@@Z) referenced in function "void __cdecl populateWorld(void)" (?populateWorld@@YAXXZ)
game.obj : error LNK2019: unresolved external symbol "public: int __cdecl df::WorldManager::setViewFollowing(class df::Object *)" (?setViewFollowing@WorldManager@df@@QEAAHPEAVObject@2@@Z) referenced in function "void __cdecl populateWorld(void)" (?populateWorld@@YAXXZ)
Hero.obj : error LNK2019: unresolved external symbol "public: float __cdecl df::Box::getVertical(void)const " (?getVertical@Box@df@@QEBAMXZ) referenced in function "public: __cdecl Hero::Hero(void)" (??0Hero@@QEAA@XZ)
Monster.obj : error LNK2001: unresolved external symbol "public: float __cdecl df::Box::getVertical(void)const " (?getVertical@Box@df@@QEBAMXZ)
Reticle.obj : error LNK2001: unresolved external symbol "public: float __cdecl df::Box::getVertical(void)const " (?getVertical@Box@df@@QEBAMXZ)
Hero.obj : error LNK2019: unresolved external symbol "public: void __cdecl df::Object::setType(class std::basic_string<char,struct std::char_traits<char>,class std::allocator<char> >)" (?setType@Object@df@@QEAAXV?$basic_string@DU?$char_traits@D@std@@V?$allocator@D@2@@std@@@Z) referenced in function "public: __cdecl Hero::Hero(void)" (??0Hero@@QEAA@XZ)
Monster.obj : error LNK2001: unresolved external symbol "public: void __cdecl df::Object::setType(class std::basic_string<char,struct std::char_traits<char>,class std::allocator<char> >)" (?setType@Object@df@@QEAAXV?$basic_string@DU?$char_traits@D@std@@V?$allocator@D@2@@std@@@Z)
Reticle.obj : error LNK2001: unresolved external symbol "public: void __cdecl df::Object::setType(class std::basic_string<char,struct std::char_traits<char>,class std::allocator<char> >)" (?setType@Object@df@@QEAAXV?$basic_string@DU?$char_traits@D@std@@V?$allocator@D@2@@std@@@Z)
Hero.obj : error LNK2019: unresolved external symbol "public: int __cdecl df::Object::registerInterest(class std::basic_string<char,struct std::char_traits<char>,class std::allocator<char> >)" (?registerInterest@Object@df@@QEAAHV?$basic_string@DU?$char_traits@D@std@@V?$allocator@D@2@@std@@@Z) referenced in function "public: __cdecl Hero::Hero(void)" (??0Hero@@QEAA@XZ)
Monster.obj : error LNK2001: unresolved external symbol "public: int __cdecl df::Object::registerInterest(class std::basic_string<char,struct std::char_traits<char>,class std::allocator<char> >)" (?registerInterest@Object@df@@QEAAHV?$basic_string@DU?$char_traits@D@std@@V?$allocator@D@2@@std@@@Z)
Reticle.obj : error LNK2001: unresolved external symbol "public: int __cdecl df::Object::registerInterest(class std::basic_string<char,struct std::char_traits<char>,class std::allocator<char> >)" (?registerInterest@Object@df@@QEAAHV?$basic_string@DU?$char_traits@D@std@@V?$allocator@D@2@@std@@@Z)
Tile.obj : error LNK2001: unresolved external symbol "public: int __cdecl df::Object::registerInterest(class std::basic_string<char,struct std::char_traits<char>,class std::allocator<char> >)" (?registerInterest@Object@df@@QEAAHV?$basic_string@DU?$char_traits@D@std@@V?$allocator@D@2@@std@@@Z)
Hero.obj : error LNK2019: unresolved external symbol "public: void __cdecl df::Object::setSprite(class df::Sprite *,bool)" (?setSprite@Object@df@@QEAAXPEAVSprite@2@_N@Z) referenced in function "public: __cdecl Hero::Hero(void)" (??0Hero@@QEAA@XZ)
Monster.obj : error LNK2001: unresolved external symbol "public: void __cdecl df::Object::setSprite(class df::Sprite *,bool)" (?setSprite@Object@df@@QEAAXPEAVSprite@2@_N@Z)
Tile.obj : error LNK2001: unresolved external symbol "public: void __cdecl df::Object::setSprite(class df::Sprite *,bool)" (?setSprite@Object@df@@QEAAXPEAVSprite@2@_N@Z)
Hero.obj : error LNK2019: unresolved external symbol "public: void __cdecl df::Object::setTransparency(char)" (?setTransparency@Object@df@@QEAAXD@Z) referenced in function "public: __cdecl Hero::Hero(void)" (??0Hero@@QEAA@XZ)
Monster.obj : error LNK2001: unresolved external symbol "public: void __cdecl df::Object::setTransparency(char)" (?setTransparency@Object@df@@QEAAXD@Z)
Hero.obj : error LNK2019: unresolved external symbol "public: void __cdecl df::Object::setSpriteSlowdown(int)" (?setSpriteSlowdown@Object@df@@QEAAXH@Z) referenced in function "public: __cdecl Hero::Hero(void)" (??0Hero@@QEAA@XZ)
Monster.obj : error LNK2001: unresolved external symbol "public: void __cdecl df::Object::setSpriteSlowdown(int)" (?setSpriteSlowdown@Object@df@@QEAAXH@Z)
Hero.obj : error LNK2019: unresolved external symbol "public: enum df::Keyboard::Key __cdecl df::EventKeyboard::getKey(void)const " (?getKey@EventKeyboard@df@@QEBA?AW4Key@Keyboard@2@XZ) referenced in function "public: virtual int __cdecl Hero::eventHandler(class df::Event const *)" (?eventHandler@Hero@@UEAAHPEBVEvent@df@@@Z)
Hero.obj : error LNK2019: unresolved external symbol "public: enum df::EventKeyboardAction __cdecl df::EventKeyboard::getKeyboardAction(void)const " (?getKeyboardAction@EventKeyboard@df@@QEBA?AW4EventKeyboardAction@2@XZ) referenced in function "public: virtual int __cdecl Hero::eventHandler(class df::Event const *)" (?eventHandler@Hero@@UEAAHPEBVEvent@df@@@Z)
Hero.obj : error LNK2019: unresolved external symbol "public: class df::Sprite * __cdecl df::ResourceManager::getSprite(class std::basic_string<char,struct std::char_traits<char>,class std::allocator<char> >)const " (?getSprite@ResourceManager@df@@QEBAPEAVSprite@2@V?$basic_string@DU?$char_traits@D@std@@V?$allocator@D@2@@std@@@Z) referenced in function "public: __cdecl Hero::Hero(void)" (??0Hero@@QEAA@XZ)
Monster.obj : error LNK2001: unresolved external symbol "public: class df::Sprite * __cdecl df::ResourceManager::getSprite(class std::basic_string<char,struct std::char_traits<char>,class std::allocator<char> >)const " (?getSprite@ResourceManager@df@@QEBAPEAVSprite@2@V?$basic_string@DU?$char_traits@D@std@@V?$allocator@D@2@@std@@@Z)
Tile.obj : error LNK2001: unresolved external symbol "public: class df::Sprite * __cdecl df::ResourceManager::getSprite(class std::basic_string<char,struct std::char_traits<char>,class std::allocator<char> >)const " (?getSprite@ResourceManager@df@@QEBAPEAVSprite@2@V?$basic_string@DU?$char_traits@D@std@@V?$allocator@D@2@@std@@@Z)
Hero.obj : error LNK2019: unresolved external symbol "public: class df::Box __cdecl df::WorldManager::getBoundary(void)const " (?getBoundary@WorldManager@df@@QEBA?AVBox@2@XZ) referenced in function "public: __cdecl Hero::Hero(void)" (??0Hero@@QEAA@XZ)
Monster.obj : error LNK2001: unresolved external symbol "public: class df::Box __cdecl df::WorldManager::getBoundary(void)const " (?getBoundary@WorldManager@df@@QEBA?AVBox@2@XZ)
Reticle.obj : error LNK2001: unresolved external symbol "public: class df::Box __cdecl df::WorldManager::getBoundary(void)const " (?getBoundary@WorldManager@df@@QEBA?AVBox@2@XZ)
Monster.obj : error LNK2019: unresolved external symbol "public: class df::Vector __cdecl df::Object::getPosition(void)const " (?getPosition@Object@df@@QEBA?AVVector@2@XZ) referenced in function "public: virtual int __cdecl Monster::eventHandler(class df::Event const *)" (?eventHandler@Monster@@UEAAHPEBVEvent@df@@@Z)
Reticle.obj : error LNK2001: unresolved external symbol "public: class df::Vector __cdecl df::Object::getPosition(void)const " (?getPosition@Object@df@@QEBA?AVVector@2@XZ)
Tile.obj : error LNK2001: unresolved external symbol "public: class df::Vector __cdecl df::Object::getPosition(void)const " (?getPosition@Object@df@@QEBA?AVVector@2@XZ)
Monster.obj : error LNK2019: unresolved external symbol "public: int __cdecl df::EventStep::getStepCount(void)const " (?getStepCount@EventStep@df@@QEBAHXZ) referenced in function "public: virtual int __cdecl Monster::eventHandler(class df::Event const *)" (?eventHandler@Monster@@UEAAHPEBVEvent@df@@@Z)
Reticle.obj : error LNK2019: unresolved external symbol "public: float __cdecl df::Box::getHorizontal(void)const " (?getHorizontal@Box@df@@QEBAMXZ) referenced in function "public: __cdecl Reticle::Reticle(void)" (??0Reticle@@QEAA@XZ)
Reticle.obj : error LNK2019: unresolved external symbol "public: int __cdecl df::Object::setAltitude(int)" (?setAltitude@Object@df@@QEAAHH@Z) referenced in function "public: __cdecl Reticle::Reticle(void)" (??0Reticle@@QEAA@XZ)
Reticle.obj : error LNK2019: unresolved external symbol "public: static class df::GraphicsManager & __cdecl df::GraphicsManager::getInstance(void)" (?getInstance@GraphicsManager@df@@SAAEAV12@XZ) referenced in function "public: virtual void __cdecl Reticle::draw(void)" (?draw@Reticle@@UEAAXXZ)
Tile.obj : error LNK2001: unresolved external symbol "public: static class df::GraphicsManager & __cdecl df::GraphicsManager::getInstance(void)" (?getInstance@GraphicsManager@df@@SAAEAV12@XZ)
Reticle.obj : error LNK2019: unresolved external symbol "public: int __cdecl df::GraphicsManager::drawCh(class df::Vector,char,enum df::Color)const " (?drawCh@GraphicsManager@df@@QEBAHVVector@2@DW4Color@2@@Z) referenced in function "public: virtual void __cdecl Reticle::draw(void)" (?draw@Reticle@@UEAAXXZ)
Reticle.obj : error LNK2019: unresolved external symbol "public: enum df::EventMouseAction __cdecl df::EventMouse::getMouseAction(void)const " (?getMouseAction@EventMouse@df@@QEBA?AW4EventMouseAction@2@XZ) referenced in function "public: virtual int __cdecl Reticle::eventHandler(class df::Event const *)" (?eventHandler@Reticle@@UEAAHPEBVEvent@df@@@Z)
Tile.obj : error LNK2001: unresolved external symbol "public: enum df::EventMouseAction __cdecl df::EventMouse::getMouseAction(void)const " (?getMouseAction@EventMouse@df@@QEBA?AW4EventMouseAction@2@XZ)
Reticle.obj : error LNK2019: unresolved external symbol "public: class df::Vector __cdecl df::EventMouse::getMousePosition(void)const " (?getMousePosition@EventMouse@df@@QEBA?AVVector@2@XZ) referenced in function "public: virtual int __cdecl Reticle::eventHandler(class df::Event const *)" (?eventHandler@Reticle@@UEAAHPEBVEvent@df@@@Z)
Tile.obj : error LNK2001: unresolved external symbol "public: class df::Vector __cdecl df::EventMouse::getMousePosition(void)const " (?getMousePosition@EventMouse@df@@QEBA?AVVector@2@XZ)
Tile.obj : error LNK2019: unresolved external symbol "public: enum df::Mouse::EventMouseButton __cdecl df::EventMouse::getMouseButton(void)const " (?getMouseButton@EventMouse@df@@QEBA?AW4EventMouseButton@Mouse@2@XZ) referenced in function "public: virtual int __cdecl Tile::eventHandler(class df::Event const *)" (?eventHandler@Tile@@UEAAHPEBVEvent@df@@@Z)
MSVCRTD.lib(exe_winmain.obj) : error LNK2019: unresolved external symbol WinMain referenced in function "int __cdecl invoke_main(void)" (?invoke_main@@YAHXZ)
C:\Users\Chris\Desktop\Asciiaria\SFML-2.4\lib\sfml-graphics-d.lib : warning LNK4272: library machine type 'X86' conflicts with target machine type 'x64'
C:\Users\Chris\Desktop\Asciiaria\SFML-2.4\lib\sfml-window-d.lib : warning LNK4272: library machine type 'X86' conflicts with target machine type 'x64'
C:\Users\Chris\Desktop\Asciiaria\SFML-2.4\lib\sfml-audio-d.lib : warning LNK4272: library machine type 'X86' conflicts with target machine type 'x64'
C:\Users\Chris\Desktop\Asciiaria\vs-2015\x64\Debug\Asciiaria.exe : fatal error LNK1120: 47 unresolved externals
