c:\users\chris\desktop\asciiaria\vs-2015\debug\asciiaria.lib
c:\users\chris\desktop\asciiaria\vs-2015\debug\asciiaria.exp
c:\users\chris\desktop\asciiaria\vs-2015\debug\vc140.pdb
c:\users\chris\desktop\asciiaria\vs-2015\debug\vc140.idb
c:\users\chris\desktop\asciiaria\vs-2015\debug\character.obj
c:\users\chris\desktop\asciiaria\vs-2015\debug\game.obj
c:\users\chris\desktop\asciiaria\vs-2015\debug\hero.obj
c:\users\chris\desktop\asciiaria\vs-2015\debug\monster.obj
c:\users\chris\desktop\asciiaria\vs-2015\debug\reticle.obj
c:\users\chris\desktop\asciiaria\vs-2015\debug\tile.obj
c:\users\chris\desktop\asciiaria\vs-2015\debug\asciiaria.ilk
c:\users\chris\desktop\asciiaria\vs-2015\debug\asciiaria.exe
c:\users\chris\desktop\asciiaria\vs-2015\debug\asciiaria.pdb
c:\users\chris\desktop\asciiaria\vs-2015\debug\asciiaria.tlog\asciiaria.write.1u.tlog
c:\users\chris\desktop\asciiaria\vs-2015\debug\asciiaria.tlog\cl.command.1.tlog
c:\users\chris\desktop\asciiaria\vs-2015\debug\asciiaria.tlog\cl.read.1.tlog
c:\users\chris\desktop\asciiaria\vs-2015\debug\asciiaria.tlog\cl.write.1.tlog
c:\users\chris\desktop\asciiaria\vs-2015\debug\asciiaria.tlog\link.command.1.tlog
c:\users\chris\desktop\asciiaria\vs-2015\debug\asciiaria.tlog\link.read.1.tlog
c:\users\chris\desktop\asciiaria\vs-2015\debug\asciiaria.tlog\link.write.1.tlog
